[main d725c73] chore(dashboard): auto update 2025-09-08 15:20:00
 2 files changed, 1 insertion(+), 1 deletion(-)
 create mode 100644 .cron.log
To github.com:siango/KnowingMindDashboard.git
   4fb8210..d725c73  HEAD -> main
++ dirname /data/data/com.termux/files/home/KnowingMindDashboard/update.sh
+ cd /data/data/com.termux/files/home/KnowingMindDashboard
++ date '+%Y-%m-%d %H:%M:%S %Z'
+ jq --arg now '2025-09-08 15:30:00 +07' '.updated=$now' data.json
+ mv .tmp data.json
+ git add -A
++ date '+%Y-%m-%d %H:%M:%S'
+ git commit -m 'chore(dashboard): auto update 2025-09-08 15:30:01'
[main 64a6293] chore(dashboard): auto update 2025-09-08 15:30:01
 2 files changed, 7 insertions(+), 1 deletion(-)
++ git remote get-url origin
+ CURRENT_REMOTE=git@github.com:siango/KnowingMindDashboard.git
+ [[ git@github.com:siango/KnowingMindDashboard.git == https://github.com/* ]]
++ git rev-parse --abbrev-ref HEAD
+ git push origin HEAD:main
To github.com:siango/KnowingMindDashboard.git
   7693e29..64a6293  HEAD -> main
+ tee -a /data/data/com.termux/files/home/kms_dashboard_debug.log
++ date
+ echo '[OK] update.sh completed at Mon Sep  8 15:30:05 +07 2025'
[OK] update.sh completed at Mon Sep  8 15:30:05 +07 2025
++ dirname /data/data/com.termux/files/home/KnowingMindDashboard/update.sh
+ cd /data/data/com.termux/files/home/KnowingMindDashboard
++ date '+%Y-%m-%d %H:%M:%S %Z'
+ jq --arg now '2025-09-08 15:40:00 +07' '.updated=$now' data.json
+ mv .tmp data.json
+ git add -A
